2019-07-16 22:22:12 info Datenstrom Yellow 0.8.5, PHP 7.3.7, Apache/2.4.39 WINNT
2019-07-16 22:22:12 info Check Apache server configuration
2019-07-16 22:22:12 info Install language 'English'
2019-07-16 22:22:12 info Install language 'French'
2019-07-16 22:22:12 info Install language 'German'
2019-07-16 22:22:26 info Install extension 'Blog 0.8.4'
2019-07-16 22:22:26 info Add user 'Sasha'
2019-07-16 22:22:26 info Install extension 'Paris 0.8.5'
2019-08-12 19:57:36 info Install extension 'Contact 0.8.2'
2019-08-12 19:57:36 info Install extension 'Feed 0.8.4'
2019-08-12 19:57:36 info Install extension 'Image 0.8.2'
2019-08-12 19:57:36 info Install extension 'Meta 0.8.8'
2019-08-12 19:57:36 info Install extension 'Search 0.8.4'
2019-08-12 19:57:36 info Install extension 'Sitemap 0.8.2'
2019-08-15 21:05:41 info Install extension 'Contact 0.8.2'
2019-09-11 20:50:14 info Install extension 'Matomo 0.8.2'
2021-11-21 22:16:10 info Install extension 'Toc 0.8.6'
2021-11-21 22:22:30 info Install extension 'Update 0.8.59'
2021-11-21 22:25:00 info Install extension 'Core 0.8.53'
2021-11-21 23:39:58 info Install extension 'Breadcrumb 0.8.6'
2021-12-09 04:21:09 info Install extension 'Previousnext 0.8.14'
2021-12-09 04:32:29 info Install extension 'Update 0.8.62'
2021-12-30 10:48:32 info Update extension 'Blog 0.8.15'
2021-12-30 10:48:32 info Update extension 'Contact 0.8.13'
2021-12-30 10:48:32 info Update extension 'Feed 0.8.10'
2021-12-30 10:48:32 info Update extension 'Paris 0.8.11'
2021-12-30 10:48:32 info Update extension 'Search 0.8.12'
2021-12-30 10:48:32 info Update extension 'Sitemap 0.8.10'
2021-12-30 11:48:35 info Convert website to new structure
2021-12-30 11:21:36 info Update Datenstrom Yellow 0.8.18, PHP 7.3.7, Apache/2.4.39 WINNT
2022-01-14 13:54:09 info Update extension 'Blog 0.8.18'
2022-01-14 13:54:09 info Update extension 'Bundle 0.8.23'
2022-01-14 13:54:09 info Update extension 'Core 0.8.58'
2022-01-14 13:54:09 info Update extension 'English 0.8.29'
2022-01-14 13:54:09 info Update extension 'Feed 0.8.13'
2022-01-14 13:54:09 info Update extension 'Search 0.8.14'
2022-01-14 13:54:09 info Update extension 'Sitemap 0.8.12'
2022-01-14 13:54:12 info Update Datenstrom Yellow 0.8.19, PHP 7.3.7, Apache/2.4.39 WINNT
